2023-12-09 00:34:43.962 INFO  --- [UserRealm.java:36][http-nio-8080-exec-10] - permission的值为:{"menuList":[],"nickname":"1","permissionList":[],"userId":1,"username":"1"}
2023-12-09 00:34:43.962 INFO  --- [UserRealm.java:37][http-nio-8080-exec-10] - 本用户权限为:[]
2023-12-09 00:34:43.964 WARN  --- [AbstractHandlerExceptionResolver.java:199][http-nio-8080-exec-10] - Resolved [org.apache.shiro.authz.UnauthorizedException: Subject does not have permission [user:list]]
2023-12-09 00:57:30.915 INFO  --- [UserRealm.java:36][http-nio-8080-exec-10] - permission的值为:{"menuList":[],"nickname":"1","permissionList":[],"userId":1,"username":"1"}
2023-12-09 00:57:30.916 INFO  --- [UserRealm.java:37][http-nio-8080-exec-10] - 本用户权限为:[]
2023-12-09 00:57:30.917 WARN  --- [AbstractHandlerExceptionResolver.java:199][http-nio-8080-exec-10] - Resolved [org.apache.shiro.authz.UnauthorizedException: Subject does not have permission [user:list]]
2023-12-09 00:57:32.668 INFO  --- [UserRealm.java:36][http-nio-8080-exec-4] - permission的值为:{"menuList":[],"nickname":"1","permissionList":[],"userId":1,"username":"1"}
2023-12-09 00:57:32.669 INFO  --- [UserRealm.java:37][http-nio-8080-exec-4] - 本用户权限为:[]
2023-12-09 00:57:32.670 WARN  --- [AbstractHandlerExceptionResolver.java:199][http-nio-8080-exec-4] - Resolved [org.apache.shiro.authz.UnauthorizedException: Subject does not have permission [user:list]]
2023-12-09 00:57:33.817 INFO  --- [UserRealm.java:36][http-nio-8080-exec-2] - permission的值为:{"menuList":[],"nickname":"1","permissionList":[],"userId":1,"username":"1"}
2023-12-09 00:57:33.818 INFO  --- [UserRealm.java:37][http-nio-8080-exec-2] - 本用户权限为:[]
2023-12-09 00:57:33.820 WARN  --- [AbstractHandlerExceptionResolver.java:199][http-nio-8080-exec-2] - Resolved [org.apache.shiro.authz.UnauthorizedException: Subject does not have permission [user:list]]
2023-12-09 00:57:50.134 INFO  --- [UserRealm.java:36][http-nio-8080-exec-6] - permission的值为:{"menuList":[],"nickname":"1","permissionList":[],"userId":1,"username":"1"}
2023-12-09 00:57:50.134 INFO  --- [UserRealm.java:37][http-nio-8080-exec-6] - 本用户权限为:[]
2023-12-09 00:57:50.135 WARN  --- [AbstractHandlerExceptionResolver.java:199][http-nio-8080-exec-6] - Resolved [org.apache.shiro.authz.UnauthorizedException: Subject does not have permission [user:list]]
2023-12-09 00:57:50.964 INFO  --- [UserRealm.java:36][http-nio-8080-exec-7] - permission的值为:{"menuList":[],"nickname":"1","permissionList":[],"userId":1,"username":"1"}
2023-12-09 00:57:50.965 INFO  --- [UserRealm.java:37][http-nio-8080-exec-7] - 本用户权限为:[]
2023-12-09 00:57:50.967 WARN  --- [AbstractHandlerExceptionResolver.java:199][http-nio-8080-exec-7] - Resolved [org.apache.shiro.authz.UnauthorizedException: Subject does not have permission [user:list]]
2023-12-09 00:57:51.549 INFO  --- [UserRealm.java:36][http-nio-8080-exec-8] - permission的值为:{"menuList":[],"nickname":"1","permissionList":[],"userId":1,"username":"1"}
2023-12-09 00:57:51.550 INFO  --- [UserRealm.java:37][http-nio-8080-exec-8] - 本用户权限为:[]
2023-12-09 00:57:51.551 WARN  --- [AbstractHandlerExceptionResolver.java:199][http-nio-8080-exec-8] - Resolved [org.apache.shiro.authz.UnauthorizedException: Subject does not have permission [user:list]]
2023-12-09 00:58:05.488 INFO  --- [UserRealm.java:36][http-nio-8080-exec-9] - permission的值为:{"menuList":[],"nickname":"1","permissionList":[],"userId":1,"username":"1"}
2023-12-09 00:58:05.488 INFO  --- [UserRealm.java:37][http-nio-8080-exec-9] - 本用户权限为:[]
2023-12-09 00:58:05.489 WARN  --- [AbstractHandlerExceptionResolver.java:199][http-nio-8080-exec-9] - Resolved [org.apache.shiro.authz.UnauthorizedException: Subject does not have permission [user:list]]
2023-12-09 01:12:26.551 INFO  --- [UserRealm.java:36][http-nio-8080-exec-5] - permission的值为:{"menuList":[],"nickname":"1","permissionList":[],"userId":1,"username":"1"}
2023-12-09 01:12:26.552 INFO  --- [UserRealm.java:37][http-nio-8080-exec-5] - 本用户权限为:[]
2023-12-09 01:12:26.553 WARN  --- [AbstractHandlerExceptionResolver.java:199][http-nio-8080-exec-5] - Resolved [org.apache.shiro.authz.UnauthorizedException: Subject does not have permission [user:list]]
2023-12-09 01:13:38.093 INFO  --- [UserRealm.java:36][http-nio-8080-exec-8] - permission的值为:null
2023-12-09 01:13:38.093 ERROR --- [GlobalExceptionHandler.java:43][http-nio-8080-exec-8] - 异常
java.lang.NullPointerException: null
	at com.ping.homeschool.config.shiro.UserRealm.doGetAuthorizationInfo(UserRealm.java:37)
	at org.apache.shiro.realm.AuthorizingRealm.getAuthorizationInfo(AuthorizingRealm.java:342)
	at org.apache.shiro.realm.AuthorizingRealm.isPermitted(AuthorizingRealm.java:465)
	at org.apache.shiro.realm.AuthorizingRealm.isPermitted(AuthorizingRealm.java:461)
	at org.apache.shiro.authz.ModularRealmAuthorizer.isPermitted(ModularRealmAuthorizer.java:223)
	at org.apache.shiro.authz.ModularRealmAuthorizer.checkPermission(ModularRealmAuthorizer.java:322)
	at org.apache.shiro.mgt.AuthorizingSecurityManager.checkPermission(AuthorizingSecurityManager.java:137)
	at org.apache.shiro.subject.support.DelegatingSubject.checkPermission(DelegatingSubject.java:209)
	at org.apache.shiro.authz.aop.PermissionAnnotationHandler.assertAuthorized(PermissionAnnotationHandler.java:74)
	at org.apache.shiro.authz.aop.AuthorizingAnnotationMethodInterceptor.assertAuthorized(AuthorizingAnnotationMethodInterceptor.java:84)
	at org.apache.shiro.authz.aop.AnnotationsAuthorizingMethodInterceptor.assertAuthorized(AnnotationsAuthorizingMethodInterceptor.java:100)
	at org.apache.shiro.authz.aop.AuthorizingMethodInterceptor.invoke(AuthorizingMethodInterceptor.java:38)
	at org.apache.shiro.spring.security.interceptor.AopAllianceAnnotationsAuthorizingMethodInterceptor.invoke(AopAllianceAnnotationsAuthorizingMethodInterceptor.java:115)
	at org.springframework.aop.framework.ReflectiveMethodInvocation.proceed(ReflectiveMethodInvocation.java:186)
	at org.springframework.aop.framework.CglibAopProxy$CglibMethodInvocation.proceed(CglibAopProxy.java:749)
	at org.springframework.aop.framework.CglibAopProxy$DynamicAdvisedInterceptor.intercept(CglibAopProxy.java:691)
	at com.ping.homeschool.controller.UserController$$EnhancerBySpringCGLIB$$c7f8f93b.listUser(<generated>)
	at sun.reflect.NativeMethodAccessorImpl.invoke0(Native Method)
	at sun.reflect.NativeMethodAccessorImpl.invoke(NativeMethodAccessorImpl.java:62)
	at sun.reflect.DelegatingMethodAccessorImpl.invoke(DelegatingMethodAccessorImpl.java:43)
	at java.lang.reflect.Method.invoke(Method.java:498)
	at org.springframework.web.method.support.InvocableHandlerMethod.doInvoke(InvocableHandlerMethod.java:190)
	at org.springframework.web.method.support.InvocableHandlerMethod.invokeForRequest(InvocableHandlerMethod.java:138)
	at org.springframework.web.servlet.mvc.method.annotation.ServletInvocableHandlerMethod.invokeAndHandle(ServletInvocableHandlerMethod.java:105)
	at org.springframework.web.servlet.mvc.method.annotation.RequestMappingHandlerAdapter.invokeHandlerMethod(RequestMappingHandlerAdapter.java:879)
	at org.springframework.web.servlet.mvc.method.annotation.RequestMappingHandlerAdapter.handleInternal(RequestMappingHandlerAdapter.java:793)
	at org.springframework.web.servlet.mvc.method.AbstractHandlerMethodAdapter.handle(AbstractHandlerMethodAdapter.java:87)
	at org.springframework.web.servlet.DispatcherServlet.doDispatch(DispatcherServlet.java:1040)
	at org.springframework.web.servlet.DispatcherServlet.doService(DispatcherServlet.java:943)
	at org.springframework.web.servlet.FrameworkServlet.processRequest(FrameworkServlet.java:1006)
	at org.springframework.web.servlet.FrameworkServlet.doGet(FrameworkServlet.java:898)
	at javax.servlet.http.HttpServlet.service(HttpServlet.java:634)
	at org.springframework.web.servlet.FrameworkServlet.service(FrameworkServlet.java:883)
	at javax.servlet.http.HttpServlet.service(HttpServlet.java:741)
	at org.apache.catalina.core.ApplicationFilterChain.internalDoFilter(ApplicationFilterChain.java:231)
	at org.apache.catalina.core.ApplicationFilterChain.doFilter(ApplicationFilterChain.java:166)
	at org.apache.tomcat.websocket.server.WsFilter.doFilter(WsFilter.java:53)
	at org.apache.catalina.core.ApplicationFilterChain.internalDoFilter(ApplicationFilterChain.java:193)
	at org.apache.catalina.core.ApplicationFilterChain.doFilter(ApplicationFilterChain.java:166)
	at org.apache.shiro.web.servlet.ProxiedFilterChain.doFilter(ProxiedFilterChain.java:61)
	at org.apache.shiro.web.servlet.AdviceFilter.executeChain(AdviceFilter.java:108)
	at org.apache.shiro.web.servlet.AdviceFilter.doFilterInternal(AdviceFilter.java:137)
	at org.apache.shiro.web.servlet.OncePerRequestFilter.doFilter(OncePerRequestFilter.java:125)
	at org.apache.shiro.web.servlet.ProxiedFilterChain.doFilter(ProxiedFilterChain.java:66)
	at org.apache.shiro.web.servlet.AdviceFilter.executeChain(AdviceFilter.java:108)
	at org.apache.shiro.web.servlet.AdviceFilter.doFilterInternal(AdviceFilter.java:137)
	at org.apache.shiro.web.servlet.OncePerRequestFilter.doFilter(OncePerRequestFilter.java:125)
	at org.apache.shiro.web.servlet.ProxiedFilterChain.doFilter(ProxiedFilterChain.java:66)
	at org.apache.shiro.web.servlet.AbstractShiroFilter.executeChain(AbstractShiroFilter.java:450)
	at org.apache.shiro.web.servlet.AbstractShiroFilter$1.call(AbstractShiroFilter.java:365)
	at org.apache.shiro.subject.support.SubjectCallable.doCall(SubjectCallable.java:90)
	at org.apache.shiro.subject.support.SubjectCallable.call(SubjectCallable.java:83)
	at org.apache.shiro.subject.support.DelegatingSubject.execute(DelegatingSubject.java:387)
	at org.apache.shiro.web.servlet.AbstractShiroFilter.doFilterInternal(AbstractShiroFilter.java:362)
	at org.apache.shiro.web.servlet.OncePerRequestFilter.doFilter(OncePerRequestFilter.java:125)
	at org.apache.catalina.core.ApplicationFilterChain.internalDoFilter(ApplicationFilterChain.java:193)
	at org.apache.catalina.core.ApplicationFilterChain.doFilter(ApplicationFilterChain.java:166)
	at org.springframework.web.filter.CorsFilter.doFilterInternal(CorsFilter.java:92)
	at org.springframework.web.filter.OncePerRequestFilter.doFilter(OncePerRequestFilter.java:119)
	at org.apache.catalina.core.ApplicationFilterChain.internalDoFilter(ApplicationFilterChain.java:193)
	at org.apache.catalina.core.ApplicationFilterChain.doFilter(ApplicationFilterChain.java:166)
	at org.springframework.web.filter.RequestContextFilter.doFilterInternal(RequestContextFilter.java:100)
	at org.springframework.web.filter.OncePerRequestFilter.doFilter(OncePerRequestFilter.java:119)
	at org.apache.catalina.core.ApplicationFilterChain.internalDoFilter(ApplicationFilterChain.java:193)
	at org.apache.catalina.core.ApplicationFilterChain.doFilter(ApplicationFilterChain.java:166)
	at org.springframework.web.filter.FormContentFilter.doFilterInternal(FormContentFilter.java:93)
	at org.springframework.web.filter.OncePerRequestFilter.doFilter(OncePerRequestFilter.java:119)
	at org.apache.catalina.core.ApplicationFilterChain.internalDoFilter(ApplicationFilterChain.java:193)
	at org.apache.catalina.core.ApplicationFilterChain.doFilter(ApplicationFilterChain.java:166)
	at org.springframework.web.filter.CharacterEncodingFilter.doFilterInternal(CharacterEncodingFilter.java:201)
	at org.springframework.web.filter.OncePerRequestFilter.doFilter(OncePerRequestFilter.java:119)
	at org.apache.catalina.core.ApplicationFilterChain.internalDoFilter(ApplicationFilterChain.java:193)
	at org.apache.catalina.core.ApplicationFilterChain.doFilter(ApplicationFilterChain.java:166)
	at org.apache.catalina.core.StandardWrapperValve.invoke(StandardWrapperValve.java:202)
	at org.apache.catalina.core.StandardContextValve.invoke(StandardContextValve.java:96)
	at org.apache.catalina.authenticator.AuthenticatorBase.invoke(AuthenticatorBase.java:541)
	at org.apache.catalina.core.StandardHostValve.invoke(StandardHostValve.java:139)
	at org.apache.catalina.valves.ErrorReportValve.invoke(ErrorReportValve.java:92)
	at org.apache.catalina.core.StandardEngineValve.invoke(StandardEngineValve.java:74)
	at org.apache.catalina.connector.CoyoteAdapter.service(CoyoteAdapter.java:343)
	at org.apache.coyote.http11.Http11Processor.service(Http11Processor.java:373)
	at org.apache.coyote.AbstractProcessorLight.process(AbstractProcessorLight.java:65)
	at org.apache.coyote.AbstractProtocol$ConnectionHandler.process(AbstractProtocol.java:868)
	at org.apache.tomcat.util.net.NioEndpoint$SocketProcessor.doRun(NioEndpoint.java:1594)
	at org.apache.tomcat.util.net.SocketProcessorBase.run(SocketProcessorBase.java:49)
	at java.util.concurrent.ThreadPoolExecutor.runWorker(ThreadPoolExecutor.java:1149)
	at java.util.concurrent.ThreadPoolExecutor$Worker.run(ThreadPoolExecutor.java:624)
	at org.apache.tomcat.util.threads.TaskThread$WrappingRunnable.run(TaskThread.java:61)
	at java.lang.Thread.run(Thread.java:750)
2023-12-09 01:13:38.094 WARN  --- [AbstractHandlerExceptionResolver.java:199][http-nio-8080-exec-8] - Resolved [java.lang.NullPointerException]
2023-12-09 02:12:33.235 INFO  --- [HikariDataSource.java:350][SpringContextShutdownHook] - HikariPool-1 - Shutdown initiated...
2023-12-09 02:12:33.246 INFO  --- [HikariDataSource.java:352][SpringContextShutdownHook] - HikariPool-1 - Shutdown completed.
2023-12-09 09:27:20.964 INFO  --- [StartupInfoLogger.java:55][restartedMain] - Starting MyApplication on LAPTOP-V73P5B2A with PID 12428 (C:\Users\DrTang\Desktop\home-school-back\target\classes started by DrTang in C:\Users\DrTang\Desktop\home-school-back)
2023-12-09 09:27:20.967 INFO  --- [SpringApplication.java:651][restartedMain] - No active profile set, falling back to default profiles: default
2023-12-09 09:27:22.911 INFO  --- [StartupInfoLogger.java:61][restartedMain] - Started MyApplication in 2.278 seconds (JVM running for 3.367)
2023-12-09 09:32:26.369 INFO  --- [HikariDataSource.java:110][http-nio-8080-exec-1] - HikariPool-1 - Starting...
2023-12-09 09:32:26.688 INFO  --- [HikariDataSource.java:123][http-nio-8080-exec-1] - HikariPool-1 - Start completed.
2023-12-09 10:15:52.702 INFO  --- [HikariDataSource.java:350][SpringContextShutdownHook] - HikariPool-1 - Shutdown initiated...
2023-12-09 10:15:52.711 INFO  --- [HikariDataSource.java:352][SpringContextShutdownHook] - HikariPool-1 - Shutdown completed.
2023-12-09 10:16:09.356 INFO  --- [StartupInfoLogger.java:55][restartedMain] - Starting MyApplication on LAPTOP-V73P5B2A with PID 1340 (C:\Users\DrTang\Desktop\home-school-back\target\classes started by DrTang in C:\Users\DrTang\Desktop\home-school-back)
2023-12-09 10:16:09.360 INFO  --- [SpringApplication.java:651][restartedMain] - No active profile set, falling back to default profiles: default
2023-12-09 10:16:11.164 INFO  --- [StartupInfoLogger.java:61][restartedMain] - Started MyApplication in 2.116 seconds (JVM running for 2.955)
2023-12-09 10:16:20.913 INFO  --- [HikariDataSource.java:110][http-nio-8080-exec-2] - HikariPool-1 - Starting...
2023-12-09 10:16:21.142 INFO  --- [HikariDataSource.java:123][http-nio-8080-exec-2] - HikariPool-1 - Start completed.
2023-12-09 10:27:21.709 INFO  --- [UserRealm.java:37][http-nio-8080-exec-8] - permission的值为:null
2023-12-09 10:27:21.720 ERROR --- [GlobalExceptionHandler.java:43][http-nio-8080-exec-8] - 异常
java.lang.NullPointerException: null
	at com.ping.homeschool.config.shiro.UserRealm.doGetAuthorizationInfo(UserRealm.java:38)
	at org.apache.shiro.realm.AuthorizingRealm.getAuthorizationInfo(AuthorizingRealm.java:342)
	at org.apache.shiro.realm.AuthorizingRealm.isPermitted(AuthorizingRealm.java:465)
	at org.apache.shiro.realm.AuthorizingRealm.isPermitted(AuthorizingRealm.java:461)
	at org.apache.shiro.authz.ModularRealmAuthorizer.isPermitted(ModularRealmAuthorizer.java:223)
	at org.apache.shiro.authz.ModularRealmAuthorizer.checkPermission(ModularRealmAuthorizer.java:322)
	at org.apache.shiro.mgt.AuthorizingSecurityManager.checkPermission(AuthorizingSecurityManager.java:137)
	at org.apache.shiro.subject.support.DelegatingSubject.checkPermission(DelegatingSubject.java:209)
	at org.apache.shiro.authz.aop.PermissionAnnotationHandler.assertAuthorized(PermissionAnnotationHandler.java:74)
	at org.apache.shiro.authz.aop.AuthorizingAnnotationMethodInterceptor.assertAuthorized(AuthorizingAnnotationMethodInterceptor.java:84)
	at org.apache.shiro.authz.aop.AnnotationsAuthorizingMethodInterceptor.assertAuthorized(AnnotationsAuthorizingMethodInterceptor.java:100)
	at org.apache.shiro.authz.aop.AuthorizingMethodInterceptor.invoke(AuthorizingMethodInterceptor.java:38)
	at org.apache.shiro.spring.security.interceptor.AopAllianceAnnotationsAuthorizingMethodInterceptor.invoke(AopAllianceAnnotationsAuthorizingMethodInterceptor.java:115)
	at org.springframework.aop.framework.ReflectiveMethodInvocation.proceed(ReflectiveMethodInvocation.java:186)
	at org.springframework.aop.framework.CglibAopProxy$CglibMethodInvocation.proceed(CglibAopProxy.java:749)
	at org.springframework.aop.framework.CglibAopProxy$DynamicAdvisedInterceptor.intercept(CglibAopProxy.java:691)
	at com.ping.homeschool.controller.UserController$$EnhancerBySpringCGLIB$$3b0dfcd9.listUser(<generated>)
	at sun.reflect.NativeMethodAccessorImpl.invoke0(Native Method)
	at sun.reflect.NativeMethodAccessorImpl.invoke(NativeMethodAccessorImpl.java:62)
	at sun.reflect.DelegatingMethodAccessorImpl.invoke(DelegatingMethodAccessorImpl.java:43)
	at java.lang.reflect.Method.invoke(Method.java:498)
	at org.springframework.web.method.support.InvocableHandlerMethod.doInvoke(InvocableHandlerMethod.java:190)
	at org.springframework.web.method.support.InvocableHandlerMethod.invokeForRequest(InvocableHandlerMethod.java:138)
	at org.springframework.web.servlet.mvc.method.annotation.ServletInvocableHandlerMethod.invokeAndHandle(ServletInvocableHandlerMethod.java:105)
	at org.springframework.web.servlet.mvc.method.annotation.RequestMappingHandlerAdapter.invokeHandlerMethod(RequestMappingHandlerAdapter.java:879)
	at org.springframework.web.servlet.mvc.method.annotation.RequestMappingHandlerAdapter.handleInternal(RequestMappingHandlerAdapter.java:793)
	at org.springframework.web.servlet.mvc.method.AbstractHandlerMethodAdapter.handle(AbstractHandlerMethodAdapter.java:87)
	at org.springframework.web.servlet.DispatcherServlet.doDispatch(DispatcherServlet.java:1040)
	at org.springframework.web.servlet.DispatcherServlet.doService(DispatcherServlet.java:943)
	at org.springframework.web.servlet.FrameworkServlet.processRequest(FrameworkServlet.java:1006)
	at org.springframework.web.servlet.FrameworkServlet.doGet(FrameworkServlet.java:898)
	at javax.servlet.http.HttpServlet.service(HttpServlet.java:634)
	at org.springframework.web.servlet.FrameworkServlet.service(FrameworkServlet.java:883)
	at javax.servlet.http.HttpServlet.service(HttpServlet.java:741)
	at org.apache.catalina.core.ApplicationFilterChain.internalDoFilter(ApplicationFilterChain.java:231)
	at org.apache.catalina.core.ApplicationFilterChain.doFilter(ApplicationFilterChain.java:166)
	at org.apache.tomcat.websocket.server.WsFilter.doFilter(WsFilter.java:53)
	at org.apache.catalina.core.ApplicationFilterChain.internalDoFilter(ApplicationFilterChain.java:193)
	at org.apache.catalina.core.ApplicationFilterChain.doFilter(ApplicationFilterChain.java:166)
	at org.apache.shiro.web.servlet.ProxiedFilterChain.doFilter(ProxiedFilterChain.java:61)
	at org.apache.shiro.web.servlet.AdviceFilter.executeChain(AdviceFilter.java:108)
	at org.apache.shiro.web.servlet.AdviceFilter.doFilterInternal(AdviceFilter.java:137)
	at org.apache.shiro.web.servlet.OncePerRequestFilter.doFilter(OncePerRequestFilter.java:125)
	at org.apache.shiro.web.servlet.ProxiedFilterChain.doFilter(ProxiedFilterChain.java:66)
	at org.apache.shiro.web.servlet.AdviceFilter.executeChain(AdviceFilter.java:108)
	at org.apache.shiro.web.servlet.AdviceFilter.doFilterInternal(AdviceFilter.java:137)
	at org.apache.shiro.web.servlet.OncePerRequestFilter.doFilter(OncePerRequestFilter.java:125)
	at org.apache.shiro.web.servlet.ProxiedFilterChain.doFilter(ProxiedFilterChain.java:66)
	at org.apache.shiro.web.servlet.AbstractShiroFilter.executeChain(AbstractShiroFilter.java:450)
	at org.apache.shiro.web.servlet.AbstractShiroFilter$1.call(AbstractShiroFilter.java:365)
	at org.apache.shiro.subject.support.SubjectCallable.doCall(SubjectCallable.java:90)
	at org.apache.shiro.subject.support.SubjectCallable.call(SubjectCallable.java:83)
	at org.apache.shiro.subject.support.DelegatingSubject.execute(DelegatingSubject.java:387)
	at org.apache.shiro.web.servlet.AbstractShiroFilter.doFilterInternal(AbstractShiroFilter.java:362)
	at org.apache.shiro.web.servlet.OncePerRequestFilter.doFilter(OncePerRequestFilter.java:125)
	at org.apache.catalina.core.ApplicationFilterChain.internalDoFilter(ApplicationFilterChain.java:193)
	at org.apache.catalina.core.ApplicationFilterChain.doFilter(ApplicationFilterChain.java:166)
	at org.springframework.web.filter.CorsFilter.doFilterInternal(CorsFilter.java:92)
	at org.springframework.web.filter.OncePerRequestFilter.doFilter(OncePerRequestFilter.java:119)
	at org.apache.catalina.core.ApplicationFilterChain.internalDoFilter(ApplicationFilterChain.java:193)
	at org.apache.catalina.core.ApplicationFilterChain.doFilter(ApplicationFilterChain.java:166)
	at org.springframework.web.filter.RequestContextFilter.doFilterInternal(RequestContextFilter.java:100)
	at org.springframework.web.filter.OncePerRequestFilter.doFilter(OncePerRequestFilter.java:119)
	at org.apache.catalina.core.ApplicationFilterChain.internalDoFilter(ApplicationFilterChain.java:193)
	at org.apache.catalina.core.ApplicationFilterChain.doFilter(ApplicationFilterChain.java:166)
	at org.springframework.web.filter.FormContentFilter.doFilterInternal(FormContentFilter.java:93)
	at org.springframework.web.filter.OncePerRequestFilter.doFilter(OncePerRequestFilter.java:119)
	at org.apache.catalina.core.ApplicationFilterChain.internalDoFilter(ApplicationFilterChain.java:193)
	at org.apache.catalina.core.ApplicationFilterChain.doFilter(ApplicationFilterChain.java:166)
	at org.springframework.web.filter.CharacterEncodingFilter.doFilterInternal(CharacterEncodingFilter.java:201)
	at org.springframework.web.filter.OncePerRequestFilter.doFilter(OncePerRequestFilter.java:119)
	at org.apache.catalina.core.ApplicationFilterChain.internalDoFilter(ApplicationFilterChain.java:193)
	at org.apache.catalina.core.ApplicationFilterChain.doFilter(ApplicationFilterChain.java:166)
	at org.apache.catalina.core.StandardWrapperValve.invoke(StandardWrapperValve.java:202)
	at org.apache.catalina.core.StandardContextValve.invoke(StandardContextValve.java:96)
	at org.apache.catalina.authenticator.AuthenticatorBase.invoke(AuthenticatorBase.java:541)
	at org.apache.catalina.core.StandardHostValve.invoke(StandardHostValve.java:139)
	at org.apache.catalina.valves.ErrorReportValve.invoke(ErrorReportValve.java:92)
	at org.apache.catalina.core.StandardEngineValve.invoke(StandardEngineValve.java:74)
	at org.apache.catalina.connector.CoyoteAdapter.service(CoyoteAdapter.java:343)
	at org.apache.coyote.http11.Http11Processor.service(Http11Processor.java:373)
	at org.apache.coyote.AbstractProcessorLight.process(AbstractProcessorLight.java:65)
	at org.apache.coyote.AbstractProtocol$ConnectionHandler.process(AbstractProtocol.java:868)
	at org.apache.tomcat.util.net.NioEndpoint$SocketProcessor.doRun(NioEndpoint.java:1594)
	at org.apache.tomcat.util.net.SocketProcessorBase.run(SocketProcessorBase.java:49)
	at java.util.concurrent.ThreadPoolExecutor.runWorker(ThreadPoolExecutor.java:1149)
	at java.util.concurrent.ThreadPoolExecutor$Worker.run(ThreadPoolExecutor.java:624)
	at org.apache.tomcat.util.threads.TaskThread$WrappingRunnable.run(TaskThread.java:61)
	at java.lang.Thread.run(Thread.java:750)
2023-12-09 10:27:21.721 WARN  --- [AbstractHandlerExceptionResolver.java:199][http-nio-8080-exec-8] - Resolved [java.lang.NullPointerException]
2023-12-09 10:27:24.496 INFO  --- [UserRealm.java:37][http-nio-8080-exec-5] - permission的值为:null
2023-12-09 10:27:24.497 ERROR --- [GlobalExceptionHandler.java:43][http-nio-8080-exec-5] - 异常
java.lang.NullPointerException: null
	at com.ping.homeschool.config.shiro.UserRealm.doGetAuthorizationInfo(UserRealm.java:38)
	at org.apache.shiro.realm.AuthorizingRealm.getAuthorizationInfo(AuthorizingRealm.java:342)
	at org.apache.shiro.realm.AuthorizingRealm.isPermitted(AuthorizingRealm.java:465)
	at org.apache.shiro.realm.AuthorizingRealm.isPermitted(AuthorizingRealm.java:461)
	at org.apache.shiro.authz.ModularRealmAuthorizer.isPermitted(ModularRealmAuthorizer.java:223)
	at org.apache.shiro.authz.ModularRealmAuthorizer.checkPermission(ModularRealmAuthorizer.java:322)
	at org.apache.shiro.mgt.AuthorizingSecurityManager.checkPermission(AuthorizingSecurityManager.java:137)
	at org.apache.shiro.subject.support.DelegatingSubject.checkPermission(DelegatingSubject.java:209)
	at org.apache.shiro.authz.aop.PermissionAnnotationHandler.assertAuthorized(PermissionAnnotationHandler.java:74)
	at org.apache.shiro.authz.aop.AuthorizingAnnotationMethodInterceptor.assertAuthorized(AuthorizingAnnotationMethodInterceptor.java:84)
	at org.apache.shiro.authz.aop.AnnotationsAuthorizingMethodInterceptor.assertAuthorized(AnnotationsAuthorizingMethodInterceptor.java:100)
	at org.apache.shiro.authz.aop.AuthorizingMethodInterceptor.invoke(AuthorizingMethodInterceptor.java:38)
	at org.apache.shiro.spring.security.interceptor.AopAllianceAnnotationsAuthorizingMethodInterceptor.invoke(AopAllianceAnnotationsAuthorizingMethodInterceptor.java:115)
	at org.springframework.aop.framework.ReflectiveMethodInvocation.proceed(ReflectiveMethodInvocation.java:186)
	at org.springframework.aop.framework.CglibAopProxy$CglibMethodInvocation.proceed(CglibAopProxy.java:749)
	at org.springframework.aop.framework.CglibAopProxy$DynamicAdvisedInterceptor.intercept(CglibAopProxy.java:691)
	at com.ping.homeschool.controller.UserController$$EnhancerBySpringCGLIB$$3b0dfcd9.listUser(<generated>)
	at sun.reflect.NativeMethodAccessorImpl.invoke0(Native Method)
	at sun.reflect.NativeMethodAccessorImpl.invoke(NativeMethodAccessorImpl.java:62)
	at sun.reflect.DelegatingMethodAccessorImpl.invoke(DelegatingMethodAccessorImpl.java:43)
	at java.lang.reflect.Method.invoke(Method.java:498)
	at org.springframework.web.method.support.InvocableHandlerMethod.doInvoke(InvocableHandlerMethod.java:190)
	at org.springframework.web.method.support.InvocableHandlerMethod.invokeForRequest(InvocableHandlerMethod.java:138)
	at org.springframework.web.servlet.mvc.method.annotation.ServletInvocableHandlerMethod.invokeAndHandle(ServletInvocableHandlerMethod.java:105)
	at org.springframework.web.servlet.mvc.method.annotation.RequestMappingHandlerAdapter.invokeHandlerMethod(RequestMappingHandlerAdapter.java:879)
	at org.springframework.web.servlet.mvc.method.annotation.RequestMappingHandlerAdapter.handleInternal(RequestMappingHandlerAdapter.java:793)
	at org.springframework.web.servlet.mvc.method.AbstractHandlerMethodAdapter.handle(AbstractHandlerMethodAdapter.java:87)
	at org.springframework.web.servlet.DispatcherServlet.doDispatch(DispatcherServlet.java:1040)
	at org.springframework.web.servlet.DispatcherServlet.doService(DispatcherServlet.java:943)
	at org.springframework.web.servlet.FrameworkServlet.processRequest(FrameworkServlet.java:1006)
	at org.springframework.web.servlet.FrameworkServlet.doGet(FrameworkServlet.java:898)
	at javax.servlet.http.HttpServlet.service(HttpServlet.java:634)
	at org.springframework.web.servlet.FrameworkServlet.service(FrameworkServlet.java:883)
	at javax.servlet.http.HttpServlet.service(HttpServlet.java:741)
	at org.apache.catalina.core.ApplicationFilterChain.internalDoFilter(ApplicationFilterChain.java:231)
	at org.apache.catalina.core.ApplicationFilterChain.doFilter(ApplicationFilterChain.java:166)
	at org.apache.tomcat.websocket.server.WsFilter.doFilter(WsFilter.java:53)
	at org.apache.catalina.core.ApplicationFilterChain.internalDoFilter(ApplicationFilterChain.java:193)
	at org.apache.catalina.core.ApplicationFilterChain.doFilter(ApplicationFilterChain.java:166)
	at org.apache.shiro.web.servlet.ProxiedFilterChain.doFilter(ProxiedFilterChain.java:61)
	at org.apache.shiro.web.servlet.AdviceFilter.executeChain(AdviceFilter.java:108)
	at org.apache.shiro.web.servlet.AdviceFilter.doFilterInternal(AdviceFilter.java:137)
	at org.apache.shiro.web.servlet.OncePerRequestFilter.doFilter(OncePerRequestFilter.java:125)
	at org.apache.shiro.web.servlet.ProxiedFilterChain.doFilter(ProxiedFilterChain.java:66)
	at org.apache.shiro.web.servlet.AdviceFilter.executeChain(AdviceFilter.java:108)
	at org.apache.shiro.web.servlet.AdviceFilter.doFilterInternal(AdviceFilter.java:137)
	at org.apache.shiro.web.servlet.OncePerRequestFilter.doFilter(OncePerRequestFilter.java:125)
	at org.apache.shiro.web.servlet.ProxiedFilterChain.doFilter(ProxiedFilterChain.java:66)
	at org.apache.shiro.web.servlet.AbstractShiroFilter.executeChain(AbstractShiroFilter.java:450)
	at org.apache.shiro.web.servlet.AbstractShiroFilter$1.call(AbstractShiroFilter.java:365)
	at org.apache.shiro.subject.support.SubjectCallable.doCall(SubjectCallable.java:90)
	at org.apache.shiro.subject.support.SubjectCallable.call(SubjectCallable.java:83)
	at org.apache.shiro.subject.support.DelegatingSubject.execute(DelegatingSubject.java:387)
	at org.apache.shiro.web.servlet.AbstractShiroFilter.doFilterInternal(AbstractShiroFilter.java:362)
	at org.apache.shiro.web.servlet.OncePerRequestFilter.doFilter(OncePerRequestFilter.java:125)
	at org.apache.catalina.core.ApplicationFilterChain.internalDoFilter(ApplicationFilterChain.java:193)
	at org.apache.catalina.core.ApplicationFilterChain.doFilter(ApplicationFilterChain.java:166)
	at org.springframework.web.filter.CorsFilter.doFilterInternal(CorsFilter.java:92)
	at org.springframework.web.filter.OncePerRequestFilter.doFilter(OncePerRequestFilter.java:119)
	at org.apache.catalina.core.ApplicationFilterChain.internalDoFilter(ApplicationFilterChain.java:193)
	at org.apache.catalina.core.ApplicationFilterChain.doFilter(ApplicationFilterChain.java:166)
	at org.springframework.web.filter.RequestContextFilter.doFilterInternal(RequestContextFilter.java:100)
	at org.springframework.web.filter.OncePerRequestFilter.doFilter(OncePerRequestFilter.java:119)
	at org.apache.catalina.core.ApplicationFilterChain.internalDoFilter(ApplicationFilterChain.java:193)
	at org.apache.catalina.core.ApplicationFilterChain.doFilter(ApplicationFilterChain.java:166)
	at org.springframework.web.filter.FormContentFilter.doFilterInternal(FormContentFilter.java:93)
	at org.springframework.web.filter.OncePerRequestFilter.doFilter(OncePerRequestFilter.java:119)
	at org.apache.catalina.core.ApplicationFilterChain.internalDoFilter(ApplicationFilterChain.java:193)
	at org.apache.catalina.core.ApplicationFilterChain.doFilter(ApplicationFilterChain.java:166)
	at org.springframework.web.filter.CharacterEncodingFilter.doFilterInternal(CharacterEncodingFilter.java:201)
	at org.springframework.web.filter.OncePerRequestFilter.doFilter(OncePerRequestFilter.java:119)
	at org.apache.catalina.core.ApplicationFilterChain.internalDoFilter(ApplicationFilterChain.java:193)
	at org.apache.catalina.core.ApplicationFilterChain.doFilter(ApplicationFilterChain.java:166)
	at org.apache.catalina.core.StandardWrapperValve.invoke(StandardWrapperValve.java:202)
	at org.apache.catalina.core.StandardContextValve.invoke(StandardContextValve.java:96)
	at org.apache.catalina.authenticator.AuthenticatorBase.invoke(AuthenticatorBase.java:541)
	at org.apache.catalina.core.StandardHostValve.invoke(StandardHostValve.java:139)
	at org.apache.catalina.valves.ErrorReportValve.invoke(ErrorReportValve.java:92)
	at org.apache.catalina.core.StandardEngineValve.invoke(StandardEngineValve.java:74)
	at org.apache.catalina.connector.CoyoteAdapter.service(CoyoteAdapter.java:343)
	at org.apache.coyote.http11.Http11Processor.service(Http11Processor.java:373)
	at org.apache.coyote.AbstractProcessorLight.process(AbstractProcessorLight.java:65)
	at org.apache.coyote.AbstractProtocol$ConnectionHandler.process(AbstractProtocol.java:868)
	at org.apache.tomcat.util.net.NioEndpoint$SocketProcessor.doRun(NioEndpoint.java:1594)
	at org.apache.tomcat.util.net.SocketProcessorBase.run(SocketProcessorBase.java:49)
	at java.util.concurrent.ThreadPoolExecutor.runWorker(ThreadPoolExecutor.java:1149)
	at java.util.concurrent.ThreadPoolExecutor$Worker.run(ThreadPoolExecutor.java:624)
	at org.apache.tomcat.util.threads.TaskThread$WrappingRunnable.run(TaskThread.java:61)
	at java.lang.Thread.run(Thread.java:750)
2023-12-09 10:27:24.498 WARN  --- [AbstractHandlerExceptionResolver.java:199][http-nio-8080-exec-5] - Resolved [java.lang.NullPointerException]
2023-12-09 10:27:42.511 INFO  --- [UserRealm.java:37][http-nio-8080-exec-7] - permission的值为:{"menuList":[],"nickname":"1","permissionList":[],"userId":1,"username":"1"}
2023-12-09 10:27:42.512 INFO  --- [UserRealm.java:38][http-nio-8080-exec-7] - 本用户权限为:[]
2023-12-09 10:27:42.515 WARN  --- [AbstractHandlerExceptionResolver.java:199][http-nio-8080-exec-7] - Resolved [org.apache.shiro.authz.UnauthorizedException: Subject does not have permission [user:list]]
2023-12-09 10:41:15.985 INFO  --- [HikariDataSource.java:350][SpringContextShutdownHook] - HikariPool-1 - Shutdown initiated...
2023-12-09 10:41:15.997 INFO  --- [HikariDataSource.java:352][SpringContextShutdownHook] - HikariPool-1 - Shutdown completed.
2023-12-09 10:41:22.109 INFO  --- [StartupInfoLogger.java:55][restartedMain] - Starting MyApplication on LAPTOP-V73P5B2A with PID 11628 (C:\Users\DrTang\Desktop\home-school-back\target\classes started by DrTang in C:\Users\DrTang\Desktop\home-school-back)
2023-12-09 10:41:22.112 INFO  --- [SpringApplication.java:651][restartedMain] - No active profile set, falling back to default profiles: default
2023-12-09 10:41:23.794 INFO  --- [StartupInfoLogger.java:61][restartedMain] - Started MyApplication in 1.937 seconds (JVM running for 2.654)
2023-12-09 10:42:41.566 INFO  --- [StartupInfoLogger.java:55][restartedMain] - Starting MyApplication on LAPTOP-V73P5B2A with PID 15540 (C:\Users\DrTang\Desktop\home-school-back\target\classes started by DrTang in C:\Users\DrTang\Desktop\home-school-back)
2023-12-09 10:42:41.569 INFO  --- [SpringApplication.java:651][restartedMain] - No active profile set, falling back to default profiles: default
2023-12-09 10:42:43.082 INFO  --- [StartupInfoLogger.java:61][restartedMain] - Started MyApplication in 1.75 seconds (JVM running for 2.561)
2023-12-09 10:43:13.436 INFO  --- [HikariDataSource.java:110][http-nio-8080-exec-5] - HikariPool-1 - Starting...
2023-12-09 10:43:13.794 INFO  --- [HikariDataSource.java:123][http-nio-8080-exec-5] - HikariPool-1 - Start completed.
2023-12-09 17:25:39.298 WARN  --- [HikariPool.java:779][HikariPool-1 housekeeper] - HikariPool-1 - Thread starvation or clock leap detected (housekeeper delta=5h13m23s932ms644µs900ns).
2023-12-09 17:35:05.945 INFO  --- [HikariDataSource.java:350][SpringContextShutdownHook] - HikariPool-1 - Shutdown initiated...
2023-12-09 17:35:05.958 INFO  --- [HikariDataSource.java:352][SpringContextShutdownHook] - HikariPool-1 - Shutdown completed.
2023-12-09 17:35:12.009 INFO  --- [StartupInfoLogger.java:55][restartedMain] - Starting MyApplication on LAPTOP-V73P5B2A with PID 14176 (C:\Users\DrTang\Desktop\home-school-back\target\classes started by DrTang in C:\Users\DrTang\Desktop\home-school-back)
2023-12-09 17:35:12.012 INFO  --- [SpringApplication.java:651][restartedMain] - No active profile set, falling back to default profiles: default
2023-12-09 17:35:13.570 INFO  --- [StartupInfoLogger.java:61][restartedMain] - Started MyApplication in 1.795 seconds (JVM running for 2.591)
2023-12-09 17:35:28.221 INFO  --- [HikariDataSource.java:110][http-nio-8080-exec-2] - HikariPool-1 - Starting...
2023-12-09 17:35:28.525 INFO  --- [HikariDataSource.java:123][http-nio-8080-exec-2] - HikariPool-1 - Start completed.
2023-12-09 18:23:23.451 INFO  --- [HikariDataSource.java:350][SpringContextShutdownHook] - HikariPool-1 - Shutdown initiated...
2023-12-09 18:23:23.462 INFO  --- [HikariDataSource.java:352][SpringContextShutdownHook] - HikariPool-1 - Shutdown completed.
